\BOOKMARK [0][-]{figure.caption.1}{\376\377\000D\000A\000F\000T\000A\000R\000\040\000G\000A\000M\000B\000A\000R}{}% 1
\BOOKMARK [0][-]{figure.caption.1}{\376\377\000D\000A\000F\000T\000A\000R\000\040\000T\000A\000B\000E\000L}{}% 2
\BOOKMARK [0][-]{chapter.1}{\376\377\000P\000E\000N\000D\000A\000H\000U\000L\000U\000A\000N}{}% 3
\BOOKMARK [1][-]{section.1.1}{\376\377\000L\000a\000t\000a\000r\000\040\000B\000e\000l\000a\000k\000a\000n\000g}{chapter.1}% 4
\BOOKMARK [1][-]{section.1.2}{\376\377\000R\000u\000m\000u\000s\000a\000n\000\040\000M\000a\000s\000a\000l\000a\000h}{chapter.1}% 5
\BOOKMARK [1][-]{section.1.3}{\376\377\000T\000u\000j\000u\000a\000n}{chapter.1}% 6
\BOOKMARK [1][-]{section.1.4}{\376\377\000B\000a\000t\000a\000s\000a\000n\000\040\000M\000a\000s\000a\000l\000a\000h}{chapter.1}% 7
\BOOKMARK [1][-]{section.1.5}{\376\377\000M\000e\000t\000o\000d\000o\000l\000o\000g\000i}{chapter.1}% 8
\BOOKMARK [0][-]{chapter.2}{\376\377\000S\000T\000U\000D\000I\000\040\000L\000I\000T\000E\000R\000A\000T\000U\000R}{}% 9
\BOOKMARK [1][-]{section.2.1}{\376\377\000L\000a\000y\000a\000n\000a\000n\000\040\000I\000n\000t\000e\000r\000n\000e\000t\000\040\000d\000a\000n\000\040\000I\000S\000P\000\040\000L\000o\000k\000a\000l}{chapter.2}% 10
\BOOKMARK [1][-]{section.2.2}{\376\377\000K\000u\000a\000l\000i\000t\000a\000s\000\040\000L\000a\000y\000a\000n\000a\000n\000,\000\040\000K\000e\000p\000u\000a\000s\000a\000n\000,\000\040\000d\000a\000n\000\040\000K\000e\000l\000u\000h\000a\000n\000\040\000P\000e\000l\000a\000n\000g\000g\000a\000n}{chapter.2}% 11
\BOOKMARK [2][-]{subsection.2.2.1}{\376\377\000K\000u\000a\000l\000i\000t\000a\000s\000\040\000L\000a\000y\000a\000n\000a\000n\000\040\000J\000a\000s\000a}{section.2.2}% 12
\BOOKMARK [2][-]{subsection.2.2.2}{\376\377\000K\000e\000l\000u\000h\000a\000n\000\040\000P\000e\000l\000a\000n\000g\000g\000a\000n\000\040\000d\000a\000n\000\040\000M\000a\000n\000a\000j\000e\000m\000e\000n\000\040\000K\000e\000l\000u\000h\000a\000n}{section.2.2}% 13
\BOOKMARK [1][-]{section.2.3}{\376\377\000S\000i\000s\000t\000e\000m\000\040\000P\000e\000n\000g\000e\000l\000o\000l\000a\000a\000n\000\040\000P\000e\000n\000g\000a\000d\000u\000a\000n\000\040\000d\000a\000n\000\040\000E\000-\000C\000o\000m\000p\000l\000a\000i\000n\000t\000\040\000B\000e\000r\000b\000a\000s\000i\000s\000\040\000W\000e\000b}{chapter.2}% 14
\BOOKMARK [2][-]{subsection.2.3.1}{\376\377\000C\000o\000n\000t\000o\000h\000\040\000S\000i\000s\000t\000e\000m\000\040\000P\000e\000n\000g\000a\000d\000u\000a\000n\000\040\000d\000i\000\040\000S\000e\000k\000t\000o\000r\000\040\000P\000u\000b\000l\000i\000k}{section.2.3}% 15
\BOOKMARK [2][-]{subsection.2.3.2}{\376\377\000E\000-\000C\000C\000M\000S\000\040\000d\000a\000n\000\040\000P\000e\000n\000d\000e\000k\000a\000t\000a\000n\000\040\000G\000e\000n\000e\000r\000i\000k\000\040\000M\000a\000n\000a\000j\000e\000m\000e\000n\000\040\000K\000e\000l\000u\000h\000a\000n}{section.2.3}% 16
\BOOKMARK [2][-]{subsection.2.3.3}{\376\377\000S\000i\000s\000t\000e\000m\000\040\000P\000e\000n\000g\000a\000d\000u\000a\000n\000\040\000B\000e\000r\000b\000a\000s\000i\000s\000\040\000W\000e\000b\000\040\000d\000i\000\040\000B\000e\000r\000b\000a\000g\000a\000i\000\040\000D\000o\000m\000a\000i\000n}{section.2.3}% 17
\BOOKMARK [1][-]{section.2.4}{\376\377\000S\000i\000s\000t\000e\000m\000\040\000I\000n\000f\000o\000r\000m\000a\000s\000i\000\040\000B\000e\000r\000b\000a\000s\000i\000s\000\040\000W\000e\000b\000\040\000u\000n\000t\000u\000k\000\040\000L\000a\000y\000a\000n\000a\000n\000\040\000P\000e\000l\000a\000n\000g\000g\000a\000n\000\040\000I\000S\000P}{chapter.2}% 18
\BOOKMARK [1][-]{section.2.5}{\376\377\000U\000s\000a\000b\000i\000l\000i\000t\000y\000\040\000d\000a\000n\000\040\000U\000s\000e\000r\000\040\000E\000x\000p\000e\000r\000i\000e\000n\000c\000e\000\040\000p\000a\000d\000a\000\040\000S\000i\000s\000t\000e\000m\000\040\000B\000e\000r\000b\000a\000s\000i\000s\000\040\000W\000e\000b}{chapter.2}% 19
\BOOKMARK [2][-]{subsection.2.5.1}{\376\377\000K\000o\000n\000s\000e\000p\000\040\000U\000s\000a\000b\000i\000l\000i\000t\000y}{section.2.5}% 20
\BOOKMARK [2][-]{subsection.2.5.2}{\376\377\000S\000y\000s\000t\000e\000m\000\040\000U\000s\000a\000b\000i\000l\000i\000t\000y\000\040\000S\000c\000a\000l\000e\000\040\000\050\000S\000U\000S\000\051}{section.2.5}% 21
\BOOKMARK [2][-]{subsection.2.5.3}{\376\377\000U\000s\000e\000r\000\040\000E\000x\000p\000e\000r\000i\000e\000n\000c\000e\000\040\000Q\000u\000e\000s\000t\000i\000o\000n\000n\000a\000i\000r\000e\000\040\000\050\000U\000E\000Q\000\051}{section.2.5}% 22
\BOOKMARK [1][-]{section.2.6}{\376\377\000A\000k\000s\000e\000s\000i\000b\000i\000l\000i\000t\000a\000s\000\040\000W\000e\000b\000\040\000d\000a\000n\000\040\000W\000C\000A\000G\000\040\0002\000.\0002}{chapter.2}% 23
\BOOKMARK [1][-]{section.2.7}{\376\377\000C\000o\000s\000t\040\023\000B\000e\000n\000e\000f\000i\000t\000\040\000A\000n\000a\000l\000y\000s\000i\000s\000\040\000d\000a\000l\000a\000m\000\040\000P\000e\000n\000g\000e\000m\000b\000a\000n\000g\000a\000n\000\040\000S\000i\000s\000t\000e\000m\000\040\000I\000n\000f\000o\000r\000m\000a\000s\000i}{chapter.2}% 24
\BOOKMARK [1][-]{section.2.8}{\376\377\000D\000e\000s\000i\000g\000n\000\040\000S\000c\000i\000e\000n\000c\000e\000\040\000R\000e\000s\000e\000a\000r\000c\000h\000\040\000\050\000D\000S\000R\000\051\000\040\000s\000e\000b\000a\000g\000a\000i\000\040\000P\000e\000n\000d\000e\000k\000a\000t\000a\000n\000\040\000P\000e\000n\000g\000e\000m\000b\000a\000n\000g\000a\000n\000\040\000S\000i\000s\000t\000e\000m}{chapter.2}% 25
\BOOKMARK [1][-]{section.2.9}{\376\377\000P\000e\000n\000e\000l\000i\000t\000i\000a\000n\000\040\000T\000e\000r\000d\000a\000h\000u\000l\000u\000\040\000y\000a\000n\000g\000\040\000R\000e\000l\000e\000v\000a\000n\000\040\000d\000a\000n\000\040\000P\000o\000s\000i\000s\000i\000\040\000T\000u\000g\000a\000s\000\040\000A\000k\000h\000i\000r}{chapter.2}% 26
\BOOKMARK [0][-]{chapter.3}{\376\377\000A\000N\000A\000L\000I\000S\000I\000S\000\040\000M\000A\000S\000A\000L\000A\000H}{}% 27
\BOOKMARK [1][-]{section.3.1}{\376\377\000A\000n\000a\000l\000i\000s\000i\000s\000\040\000K\000o\000n\000d\000i\000s\000i\000\040\000S\000a\000a\000t\000\040\000I\000n\000i}{chapter.3}% 28
\BOOKMARK [2][-]{subsection.3.1.1}{\376\377\000G\000a\000m\000b\000a\000r\000a\000n\000\040\000U\000m\000u\000m\000\040\000P\000r\000o\000s\000e\000s\000\040\000P\000e\000n\000a\000n\000g\000a\000n\000a\000n\000\040\000K\000e\000l\000u\000h\000a\000n\000\040\000d\000i\000\040\000S\000p\000e\000e\000d\000F\000o\000r\000c\000e}{section.3.1}% 29
\BOOKMARK [2][-]{subsection.3.1.2}{\376\377\000P\000e\000r\000m\000a\000s\000a\000l\000a\000h\000a\000n\000\040\000U\000t\000a\000m\000a\000\040\000d\000a\000l\000a\000m\000\040\000P\000r\000o\000s\000e\000s\000\040\000P\000e\000n\000g\000e\000l\000o\000l\000a\000a\000n\000\040\000K\000e\000l\000u\000h\000a\000n}{section.3.1}% 30
\BOOKMARK [1][-]{section.3.2}{\376\377\000A\000n\000a\000l\000i\000s\000i\000s\000\040\000K\000e\000b\000u\000t\000u\000h\000a\000n}{chapter.3}% 31
\BOOKMARK [2][-]{subsection.3.2.1}{\376\377\000K\000e\000b\000u\000t\000u\000h\000a\000n\000\040\000F\000u\000n\000g\000s\000i\000o\000n\000a\000l}{section.3.2}% 32
\BOOKMARK [2][-]{subsection.3.2.2}{\376\377\000K\000e\000b\000u\000t\000u\000h\000a\000n\000\040\000N\000o\000n\000-\000F\000u\000n\000g\000s\000i\000o\000n\000a\000l}{section.3.2}% 33
\BOOKMARK [1][-]{section.3.3}{\376\377\000P\000e\000m\000e\000t\000a\000a\000n\000\040\000K\000e\000b\000u\000t\000u\000h\000a\000n\000\040\000F\000u\000n\000g\000s\000i\000o\000n\000a\000l\000\040\000t\000e\000r\000h\000a\000d\000a\000p\000\040\000P\000e\000r\000m\000a\000s\000a\000l\000a\000h\000a\000n}{chapter.3}% 34
\BOOKMARK [1][-]{section.3.4}{\376\377\000A\000n\000a\000l\000i\000s\000i\000s\000\040\000P\000e\000m\000i\000l\000i\000h\000a\000n\000\040\000S\000o\000l\000u\000s\000i}{chapter.3}% 35
\BOOKMARK [2][-]{subsection.3.4.1}{\376\377\000A\000l\000t\000e\000r\000n\000a\000t\000i\000f\000\040\000S\000o\000l\000u\000s\000i}{section.3.4}% 36
\BOOKMARK [2][-]{subsection.3.4.2}{\376\377\000A\000n\000a\000l\000i\000s\000i\000s\000\040\000P\000e\000n\000e\000n\000t\000u\000a\000n\000\040\000S\000o\000l\000u\000s\000i}{section.3.4}% 37
\BOOKMARK [0][-]{chapter.4}{\376\377\000P\000E\000R\000A\000N\000C\000A\000N\000G\000A\000N\000\040\000M\000O\000D\000U\000L\000\040\000E\000-\000C\000O\000M\000P\000L\000A\000I\000N\000T\000\040\000B\000E\000R\000B\000A\000S\000I\000S\000\040\000W\000E\000B}{}% 38
\BOOKMARK [1][-]{section.4.1}{\376\377\000G\000a\000m\000b\000a\000r\000a\000n\000\040\000U\000m\000u\000m\000\040\000S\000o\000l\000u\000s\000i\000\040\000d\000a\000n\000\040\000L\000i\000n\000g\000k\000u\000p\000\040\000M\000o\000d\000u\000l}{chapter.4}% 39
\BOOKMARK [1][-]{section.4.2}{\376\377\000P\000e\000r\000a\000n\000c\000a\000n\000g\000a\000n\000\040\000A\000r\000s\000i\000t\000e\000k\000t\000u\000r\000\040\000S\000i\000s\000t\000e\000m}{chapter.4}% 40
\BOOKMARK [2][-]{subsection.4.2.1}{\376\377\000A\000r\000s\000i\000t\000e\000k\000t\000u\000r\000\040\000L\000o\000g\000i\000s\000\040\000A\000p\000l\000i\000k\000a\000s\000i}{section.4.2}% 41
\BOOKMARK [2][-]{subsection.4.2.2}{\376\377\000A\000r\000s\000i\000t\000e\000k\000t\000u\000r\000\040\000F\000i\000s\000i\000k\000\040\000S\000i\000s\000t\000e\000m}{section.4.2}% 42
\BOOKMARK [1][-]{section.4.3}{\376\377\000P\000e\000r\000a\000n\000c\000a\000n\000g\000a\000n\000\040\000P\000r\000o\000s\000e\000s\000\040\000B\000i\000s\000n\000i\000s\000\040\000T\000O\000-\000B\000E}{chapter.4}% 43
\BOOKMARK [2][-]{subsection.4.3.1}{\376\377\000D\000i\000a\000g\000r\000a\000m\000\040\000A\000l\000u\000r\000\040\000P\000r\000o\000s\000e\000s\000\040\000P\000e\000n\000a\000n\000g\000a\000n\000a\000n\000\040\000K\000e\000l\000u\000h\000a\000n\000\040\000T\000O\000-\000B\000E}{section.4.3}% 44
\BOOKMARK [2][-]{subsection.4.3.2}{\376\377\000D\000e\000s\000k\000r\000i\000p\000s\000i\000\040\000P\000r\000o\000s\000e\000s\000\040\000B\000i\000s\000n\000i\000s\000\040\000d\000a\000n\000\040\000P\000e\000r\000u\000b\000a\000h\000a\000n\000\040\000d\000a\000r\000i\000\040\000A\000S\000-\000I\000S}{section.4.3}% 45
\BOOKMARK [3][-]{subsubsection.4.3.2.1}{\376\377\000P\000e\000r\000u\000b\000a\000h\000a\000n\000\040\000p\000a\000d\000a\000\040\000t\000i\000t\000i\000k\000\040\000m\000a\000s\000u\000k\000\040\000k\000e\000l\000u\000h\000a\000n\000\040\000\050\000e\000n\000t\000r\000y\000\040\000c\000h\000a\000n\000n\000e\000l\000\051}{subsection.4.3.2}% 46
\BOOKMARK [3][-]{subsubsection.4.3.2.2}{\376\377\000P\000e\000r\000u\000b\000a\000h\000a\000n\000\040\000p\000a\000d\000a\000\040\000m\000e\000k\000a\000n\000i\000s\000m\000e\000\040\000p\000e\000n\000c\000a\000t\000a\000t\000a\000n\000\040\000d\000a\000n\000\040\000i\000d\000e\000n\000t\000i\000t\000a\000s\000\040\000k\000e\000l\000u\000h\000a\000n}{subsection.4.3.2}% 47
\BOOKMARK [3][-]{subsubsection.4.3.2.3}{\376\377\000P\000e\000r\000u\000b\000a\000h\000a\000n\000\040\000p\000a\000d\000a\000\040\000a\000l\000u\000r\000\040\000k\000o\000m\000u\000n\000i\000k\000a\000s\000i\000\040\000i\000n\000t\000e\000r\000n\000a\000l\000\040\000d\000a\000n\000\040\000p\000e\000n\000u\000g\000a\000s\000a\000n\000\040\000t\000e\000k\000n\000i\000s\000i}{subsection.4.3.2}% 48
\BOOKMARK [3][-]{subsubsection.4.3.2.4}{\376\377\000P\000e\000r\000u\000b\000a\000h\000a\000n\000\040\000p\000a\000d\000a\000\040\000t\000r\000a\000n\000s\000p\000a\000r\000a\000n\000s\000i\000\040\000s\000t\000a\000t\000u\000s\000\040\000k\000e\000\040\000p\000e\000l\000a\000n\000g\000g\000a\000n}{subsection.4.3.2}% 49
\BOOKMARK [3][-]{subsubsection.4.3.2.5}{\376\377\000P\000e\000r\000u\000b\000a\000h\000a\000n\000\040\000p\000a\000d\000a\000\040\000k\000e\000m\000a\000m\000p\000u\000a\000n\000\040\000m\000o\000n\000i\000t\000o\000r\000i\000n\000g\000\040\000d\000a\000n\000\040\000e\000v\000a\000l\000u\000a\000s\000i}{subsection.4.3.2}% 50
\BOOKMARK [3][-]{subsubsection.4.3.2.6}{\376\377\000R\000i\000n\000g\000k\000a\000s\000a\000n\000\040\000p\000e\000r\000u\000b\000a\000h\000a\000n\000\040\000A\000S\000-\000I\000S\000\040\000v\000s\000\040\000T\000O\000-\000B\000E}{subsection.4.3.2}% 51
\BOOKMARK [1][-]{section.4.4}{\376\3